[03/11/21@03:30:55.125-0300] P-000605 T-000633 0 AS -- Arrancando servidor de applicaciones para asbroker1. (5560)
[03/11/21@03:30:55.171-0300] P-000605 T-000633 0 AS -- Application Server Logging Level has been set to = 3
[03/11/21@03:30:55.171-0300] P-000605 T-000633 0 AS -- Arranque de Application Server. (5473)
[03/11/21@03:30:56.109-0300] P-000684 T-000681 0 AS -- Arrancando servidor de applicaciones para asbroker1. (5560)
[03/11/21@03:30:56.156-0300] P-000684 T-000681 0 AS -- Application Server Logging Level has been set to = 3
[03/11/21@03:30:56.156-0300] P-000684 T-000681 0 AS -- Arranque de Application Server. (5473)
[03/11/21@03:30:56.296-0300] P-000605 T-000633 2 AS CONN Conectado a base de datos comercial, usuario numero 185. (9543)
[03/11/21@03:30:56.328-0300] P-000605 T-000633 2 AS CONN Conectado a base de datos parametros, usuario numero 190. (9543)
[03/11/21@03:30:57.109-0300] P-000693 T-000687 0 AS -- Arrancando servidor de applicaciones para asbroker1. (5560)
[03/11/21@03:30:57.156-0300] P-000693 T-000687 0 AS -- Application Server Logging Level has been set to = 3
[03/11/21@03:30:57.156-0300] P-000693 T-000687 0 AS -- Arranque de Application Server. (5473)
[03/11/21@03:30:57.343-0300] P-000605 T-000633 2 AS CONN Conectado a base de datos produccion, usuario numero 185. (9543)
[03/11/21@03:30:58.125-0300] P-000710 T-000709 0 AS -- Arrancando servidor de applicaciones para asbroker1. (5560)
[03/11/21@03:30:58.156-0300] P-000710 T-000709 0 AS -- Application Server Logging Level has been set to = 3
[03/11/21@03:30:58.156-0300] P-000710 T-000709 0 AS -- Arranque de Application Server. (5473)
[03/11/21@03:30:58.312-0300] P-000684 T-000681 2 AS CONN Conectado a base de datos comercial, usuario numero 184. (9543)
[03/11/21@03:30:58.375-0300] P-000605 T-000633 2 AS CONN Conectado a base de datos ctacte, usuario numero 185. (9543)
[03/11/21@03:30:58.406-0300] P-000605 T-000633 0 AS -- No hay servidor para la base de datos d:\sami\databases\industria. (1423)
[03/11/21@03:30:58.406-0300] P-000605 T-000633 0 AS -- Error inicializando el AppServer. (5479)
[03/11/21@03:30:58.406-0300] P-000605 T-000633 0 AS -- Cierre (shutdown) de Application Server. (5476)
[03/11/21@03:30:58.406-0300] P-000605 T-000633 2 AS CONN Desconectando de base de datos ctacte, usuario numero 185. (9545)
[03/11/21@03:30:58.515-0300] P-000605 T-000633 2 AS CONN Desconectando de base de datos produccion, usuario numero 185. (9545)
[03/11/21@03:30:58.625-0300] P-000605 T-000633 2 AS CONN Desconectando de base de datos parametros, usuario numero 190. (9545)
[03/11/21@03:30:58.734-0300] P-000605 T-000633 2 AS CONN Desconectando de base de datos comercial, usuario numero 185. (9545)
[03/11/21@03:30:59.125-0300] P-000707 T-000718 0 AS -- Arrancando servidor de applicaciones para asbroker1. (5560)
[03/11/21@03:30:59.156-0300] P-000707 T-000718 0 AS -- Application Server Logging Level has been set to = 3
[03/11/21@03:30:59.156-0300] P-000707 T-000718 0 AS -- Arranque de Application Server. (5473)
[03/11/21@03:30:59.312-0300] P-000693 T-000687 2 AS CONN Conectado a base de datos comercial, usuario numero 185. (9543)
[03/11/21@03:30:59.328-0300] P-000684 T-000681 2 AS CONN Conectado a base de datos parametros, usuario numero 190. (9543)
[03/11/21@03:30:59.359-0300] P-000684 T-000681 2 AS CONN Conectado a base de datos produccion, usuario numero 185. (9543)
[03/11/21@03:30:59.375-0300] P-000684 T-000681 2 AS CONN Conectado a base de datos ctacte, usuario numero 185. (9543)
[03/11/21@03:30:59.375-0300] P-000684 T-000681 0 AS -- No hay servidor para la base de datos d:\sami\databases\industria. (1423)
[03/11/21@03:30:59.375-0300] P-000684 T-000681 0 AS -- Error inicializando el AppServer. (5479)
[03/11/21@03:30:59.390-0300] P-000684 T-000681 0 AS -- Cierre (shutdown) de Application Server. (5476)
[03/11/21@03:30:59.390-0300] P-000684 T-000681 2 AS CONN Desconectando de base de datos ctacte, usuario numero 185. (9545)
[03/11/21@03:30:59.500-0300] P-000684 T-000681 2 AS CONN Desconectando de base de datos produccion, usuario numero 185. (9545)
[03/11/21@03:30:59.609-0300] P-000684 T-000681 2 AS CONN Desconectando de base de datos parametros, usuario numero 190. (9545)
[03/11/21@03:30:59.718-0300] P-000684 T-000681 2 AS CONN Desconectando de base de datos comercial, usuario numero 184. (9545)
[03/11/21@03:31:00.312-0300] P-000710 T-000709 2 AS CONN Conectado a base de datos comercial, usuario numero 184. (9543)
[03/11/21@03:31:00.328-0300] P-000693 T-000687 2 AS CONN Conectado a base de datos parametros, usuario numero 190. (9543)
[03/11/21@03:31:00.359-0300] P-000693 T-000687 2 AS CONN Conectado a base de datos produccion, usuario numero 185. (9543)
[03/11/21@03:31:00.375-0300] P-000693 T-000687 2 AS CONN Conectado a base de datos ctacte, usuario numero 185. (9543)
[03/11/21@03:31:00.390-0300] P-000693 T-000687 0 AS -- No hay servidor para la base de datos d:\sami\databases\industria. (1423)
[03/11/21@03:31:00.390-0300] P-000693 T-000687 0 AS -- Error inicializando el AppServer. (5479)
[03/11/21@03:31:00.390-0300] P-000693 T-000687 0 AS -- Cierre (shutdown) de Application Server. (5476)
[03/11/21@03:31:00.390-0300] P-000693 T-000687 2 AS CONN Desconectando de base de datos ctacte, usuario numero 185. (9545)
[03/11/21@03:31:00.500-0300] P-000693 T-000687 2 AS CONN Desconectando de base de datos produccion, usuario numero 185. (9545)
[03/11/21@03:31:00.609-0300] P-000693 T-000687 2 AS CONN Desconectando de base de datos parametros, usuario numero 190. (9545)
[03/11/21@03:31:00.718-0300] P-000693 T-000687 2 AS CONN Desconectando de base de datos comercial, usuario numero 185. (9545)
[03/11/21@03:31:01.312-0300] P-000707 T-000718 2 AS CONN Conectado a base de datos comercial, usuario numero 185. (9543)
[03/11/21@03:31:01.328-0300] P-000710 T-000709 2 AS CONN Conectado a base de datos parametros, usuario numero 190. (9543)
[03/11/21@03:31:01.359-0300] P-000710 T-000709 2 AS CONN Conectado a base de datos produccion, usuario numero 185. (9543)
[03/11/21@03:31:01.390-0300] P-000710 T-000709 2 AS CONN Conectado a base de datos ctacte, usuario numero 185. (9543)
[03/11/21@03:31:01.390-0300] P-000710 T-000709 0 AS -- No hay servidor para la base de datos d:\sami\databases\industria. (1423)
[03/11/21@03:31:01.390-0300] P-000710 T-000709 0 AS -- Error inicializando el AppServer. (5479)
[03/11/21@03:31:01.390-0300] P-000710 T-000709 0 AS -- Cierre (shutdown) de Application Server. (5476)
[03/11/21@03:31:01.390-0300] P-000710 T-000709 2 AS CONN Desconectando de base de datos ctacte, usuario numero 185. (9545)
[03/11/21@03:31:01.500-0300] P-000710 T-000709 2 AS CONN Desconectando de base de datos produccion, usuario numero 185. (9545)
[03/11/21@03:31:01.609-0300] P-000710 T-000709 2 AS CONN Desconectando de base de datos parametros, usuario numero 190. (9545)
[03/11/21@03:31:01.718-0300] P-000710 T-000709 2 AS CONN Desconectando de base de datos comercial, usuario numero 184. (9545)
[03/11/21@03:31:02.328-0300] P-000707 T-000718 2 AS CONN Conectado a base de datos parametros, usuario numero 190. (9543)
[03/11/21@03:31:02.359-0300] P-000707 T-000718 2 AS CONN Conectado a base de datos produccion, usuario numero 185. (9543)
[03/11/21@03:31:02.390-0300] P-000707 T-000718 2 AS CONN Conectado a base de datos ctacte, usuario numero 185. (9543)
[03/11/21@03:31:02.390-0300] P-000707 T-000718 0 AS -- No hay servidor para la base de datos d:\sami\databases\industria. (1423)
[03/11/21@03:31:02.390-0300] P-000707 T-000718 0 AS -- Error inicializando el AppServer. (5479)
[03/11/21@03:31:02.390-0300] P-000707 T-000718 0 AS -- Cierre (shutdown) de Application Server. (5476)
[03/11/21@03:31:02.390-0300] P-000707 T-000718 2 AS CONN Desconectando de base de datos ctacte, usuario numero 185. (9545)
[03/11/21@03:31:02.500-0300] P-000707 T-000718 2 AS CONN Desconectando de base de datos produccion, usuario numero 185. (9545)
[03/11/21@03:31:02.609-0300] P-000707 T-000718 2 AS CONN Desconectando de base de datos parametros, usuario numero 190. (9545)
[03/11/21@03:31:02.718-0300] P-000707 T-000718 2 AS CONN Desconectando de base de datos comercial, usuario numero 185. (9545)
[03/11/21@03:33:48.125-0300] P-000632 T-000590 0 AS -- Arrancando servidor de applicaciones para asbroker1. (5560)
[03/11/21@03:33:48.156-0300] P-000632 T-000590 0 AS -- Application Server Logging Level has been set to = 3
[03/11/21@03:33:48.156-0300] P-000632 T-000590 0 AS -- Arranque de Application Server. (5473)
[03/11/21@03:33:48.296-0300] P-000632 T-000590 2 AS CONN Conectado a base de datos comercial, usuario numero 184. (9543)
[03/11/21@03:33:48.312-0300] P-000632 T-000590 2 AS CONN Conectado a base de datos parametros, usuario numero 190. (9543)
[03/11/21@03:33:49.109-0300] P-000700 T-000689 0 AS -- Arrancando servidor de applicaciones para asbroker1. (5560)
[03/11/21@03:33:49.156-0300] P-000700 T-000689 0 AS -- Application Server Logging Level has been set to = 3
[03/11/21@03:33:49.156-0300] P-000700 T-000689 0 AS -- Arranque de Application Server. (5473)
[03/11/21@03:33:49.343-0300] P-000632 T-000590 2 AS CONN Conectado a base de datos produccion, usuario numero 184. (9543)
[03/11/21@03:33:50.109-0300] P-000675 T-000681 0 AS -- Arrancando servidor de applicaciones para asbroker1. (5560)
[03/11/21@03:33:50.156-0300] P-000675 T-000681 0 AS -- Application Server Logging Level has been set to = 3
[03/11/21@03:33:50.156-0300] P-000675 T-000681 0 AS -- Arranque de Application Server. (5473)
[03/11/21@03:33:50.296-0300] P-000700 T-000689 2 AS CONN Conectado a base de datos comercial, usuario numero 183. (9543)
[03/11/21@03:33:50.312-0300] P-000700 T-000689 2 AS CONN Conectado a base de datos parametros, usuario numero 189. (9543)
[03/11/21@03:33:50.375-0300] P-000632 T-000590 2 AS CONN Conectado a base de datos ctacte, usuario numero 184. (9543)
[03/11/21@03:33:50.421-0300] P-000632 T-000590 2 AS CONN Conectado a base de datos industria, usuario numero 23. (9543)
[03/11/21@03:33:50.421-0300] P-000632 T-000590 0 AS -- No hay servidor para la base de datos h:\sistemas9\databases\ventas. (1423)
[03/11/21@03:33:50.421-0300] P-000632 T-000590 0 AS -- Error inicializando el AppServer. (5479)
[03/11/21@03:33:50.421-0300] P-000632 T-000590 0 AS -- Cierre (shutdown) de Application Server. (5476)
[03/11/21@03:33:50.421-0300] P-000632 T-000590 2 AS CONN Desconectando de base de datos industria, usuario numero 23. (9545)
[03/11/21@03:33:50.500-0300] P-000632 T-000590 2 AS CONN Desconectando de base de datos ctacte, usuario numero 184. (9545)
[03/11/21@03:33:50.609-0300] P-000632 T-000590 2 AS CONN Desconectando de base de datos produccion, usuario numero 184. (9545)
[03/11/21@03:33:50.718-0300] P-000632 T-000590 2 AS CONN Desconectando de base de datos parametros, usuario numero 190. (9545)
[03/11/21@03:33:50.828-0300] P-000632 T-000590 2 AS CONN Desconectando de base de datos comercial, usuario numero 184. (9545)
[03/11/21@03:33:51.109-0300] P-000723 T-000722 0 AS -- Arrancando servidor de applicaciones para asbroker1. (5560)
[03/11/21@03:33:51.156-0300] P-000723 T-000722 0 AS -- Application Server Logging Level has been set to = 3
[03/11/21@03:33:51.156-0300] P-000723 T-000722 0 AS -- Arranque de Application Server. (5473)
[03/11/21@03:33:51.296-0300] P-000675 T-000681 2 AS CONN Conectado a base de datos comercial, usuario numero 184. (9543)
[03/11/21@03:33:51.312-0300] P-000675 T-000681 2 AS CONN Conectado a base de datos parametros, usuario numero 190. (9543)
[03/11/21@03:33:51.343-0300] P-000700 T-000689 2 AS CONN Conectado a base de datos produccion, usuario numero 184. (9543)
[03/11/21@03:33:51.375-0300] P-000700 T-000689 2 AS CONN Conectado a base de datos ctacte, usuario numero 184. (9543)
[03/11/21@03:33:51.406-0300] P-000700 T-000689 2 AS CONN Conectado a base de datos industria, usuario numero 23. (9543)
[03/11/21@03:33:51.406-0300] P-000700 T-000689 0 AS -- No hay servidor para la base de datos h:\sistemas9\databases\ventas. (1423)
[03/11/21@03:33:51.406-0300] P-000700 T-000689 0 AS -- Error inicializando el AppServer. (5479)
[03/11/21@03:33:51.406-0300] P-000700 T-000689 0 AS -- Cierre (shutdown) de Application Server. (5476)
[03/11/21@03:33:51.406-0300] P-000700 T-000689 2 AS CONN Desconectando de base de datos industria, usuario numero 23. (9545)
[03/11/21@03:33:51.453-0300] P-000700 T-000689 2 AS CONN Desconectando de base de datos ctacte, usuario numero 184. (9545)
[03/11/21@03:33:51.562-0300] P-000700 T-000689 2 AS CONN Desconectando de base de datos produccion, usuario numero 184. (9545)
[03/11/21@03:33:51.671-0300] P-000700 T-000689 2 AS CONN Desconectando de base de datos parametros, usuario numero 189. (9545)
[03/11/21@03:33:51.781-0300] P-000700 T-000689 2 AS CONN Desconectando de base de datos comercial, usuario numero 183. (9545)
[03/11/21@03:33:52.109-0300] P-000727 T-000726 0 AS -- Arrancando servidor de applicaciones para asbroker1. (5560)
[03/11/21@03:33:52.156-0300] P-000727 T-000726 0 AS -- Application Server Logging Level has been set to = 3
[03/11/21@03:33:52.156-0300] P-000727 T-000726 0 AS -- Arranque de Application Server. (5473)
[03/11/21@03:33:52.296-0300] P-000723 T-000722 2 AS CONN Conectado a base de datos comercial, usuario numero 183. (9543)
[03/11/21@03:33:52.328-0300] P-000723 T-000722 2 AS CONN Conectado a base de datos parametros, usuario numero 189. (9543)
[03/11/21@03:33:52.343-0300] P-000675 T-000681 2 AS CONN Conectado a base de datos produccion, usuario numero 184. (9543)
[03/11/21@03:33:52.375-0300] P-000675 T-000681 2 AS CONN Conectado a base de datos ctacte, usuario numero 184. (9543)
[03/11/21@03:33:52.406-0300] P-000675 T-000681 2 AS CONN Conectado a base de datos industria, usuario numero 23. (9543)
[03/11/21@03:33:52.406-0300] P-000675 T-000681 0 AS -- No hay servidor para la base de datos h:\sistemas9\databases\ventas. (1423)
[03/11/21@03:33:52.406-0300] P-000675 T-000681 0 AS -- Error inicializando el AppServer. (5479)
[03/11/21@03:33:52.406-0300] P-000675 T-000681 0 AS -- Cierre (shutdown) de Application Server. (5476)
[03/11/21@03:33:52.406-0300] P-000675 T-000681 2 AS CONN Desconectando de base de datos industria, usuario numero 23. (9545)
[03/11/21@03:33:52.453-0300] P-000675 T-000681 2 AS CONN Desconectando de base de datos ctacte, usuario numero 184. (9545)
[03/11/21@03:33:52.562-0300] P-000675 T-000681 2 AS CONN Desconectando de base de datos produccion, usuario numero 184. (9545)
[03/11/21@03:33:52.671-0300] P-000675 T-000681 2 AS CONN Desconectando de base de datos parametros, usuario numero 190. (9545)
[03/11/21@03:33:52.781-0300] P-000675 T-000681 2 AS CONN Desconectando de base de datos comercial, usuario numero 184. (9545)
[03/11/21@03:33:53.296-0300] P-000727 T-000726 2 AS CONN Conectado a base de datos comercial, usuario numero 184. (9543)
[03/11/21@03:33:53.328-0300] P-000727 T-000726 2 AS CONN Conectado a base de datos parametros, usuario numero 190. (9543)
[03/11/21@03:33:53.343-0300] P-000723 T-000722 2 AS CONN Conectado a base de datos produccion, usuario numero 184. (9543)
[03/11/21@03:33:53.375-0300] P-000723 T-000722 2 AS CONN Conectado a base de datos ctacte, usuario numero 184. (9543)
[03/11/21@03:33:53.406-0300] P-000723 T-000722 2 AS CONN Conectado a base de datos industria, usuario numero 23. (9543)
[03/11/21@03:33:53.406-0300] P-000723 T-000722 0 AS -- No hay servidor para la base de datos h:\sistemas9\databases\ventas. (1423)
[03/11/21@03:33:53.406-0300] P-000723 T-000722 0 AS -- Error inicializando el AppServer. (5479)
[03/11/21@03:33:53.406-0300] P-000723 T-000722 0 AS -- Cierre (shutdown) de Application Server. (5476)
[03/11/21@03:33:53.406-0300] P-000723 T-000722 2 AS CONN Desconectando de base de datos industria, usuario numero 23. (9545)
[03/11/21@03:33:53.468-0300] P-000723 T-000722 2 AS CONN Desconectando de base de datos ctacte, usuario numero 184. (9545)
[03/11/21@03:33:53.578-0300] P-000723 T-000722 2 AS CONN Desconectando de base de datos produccion, usuario numero 184. (9545)
[03/11/21@03:33:53.687-0300] P-000723 T-000722 2 AS CONN Desconectando de base de datos parametros, usuario numero 189. (9545)
[03/11/21@03:33:53.796-0300] P-000723 T-000722 2 AS CONN Desconectando de base de datos comercial, usuario numero 183. (9545)
[03/11/21@03:33:54.343-0300] P-000727 T-000726 2 AS CONN Conectado a base de datos produccion, usuario numero 184. (9543)
[03/11/21@03:33:54.375-0300] P-000727 T-000726 2 AS CONN Conectado a base de datos ctacte, usuario numero 184. (9543)
[03/11/21@03:33:54.406-0300] P-000727 T-000726 2 AS CONN Conectado a base de datos industria, usuario numero 23. (9543)
[03/11/21@03:33:54.406-0300] P-000727 T-000726 0 AS -- No hay servidor para la base de datos h:\sistemas9\databases\ventas. (1423)
[03/11/21@03:33:54.406-0300] P-000727 T-000726 0 AS -- Error inicializando el AppServer. (5479)
[03/11/21@03:33:54.406-0300] P-000727 T-000726 0 AS -- Cierre (shutdown) de Application Server. (5476)
[03/11/21@03:33:54.406-0300] P-000727 T-000726 2 AS CONN Desconectando de base de datos industria, usuario numero 23. (9545)
[03/11/21@03:33:54.468-0300] P-000727 T-000726 2 AS CONN Desconectando de base de datos ctacte, usuario numero 184. (9545)
[03/11/21@03:33:54.578-0300] P-000727 T-000726 2 AS CONN Desconectando de base de datos produccion, usuario numero 184. (9545)
[03/11/21@03:33:54.687-0300] P-000727 T-000726 2 AS CONN Desconectando de base de datos parametros, usuario numero 190. (9545)
[03/11/21@03:33:54.796-0300] P-000727 T-000726 2 AS CONN Desconectando de base de datos comercial, usuario numero 184. (9545)
