

--------------
          Fecha:  11/05/04 13:10:29
        Mensaje:  Imposible de Encontrar lote_cascara.
           Datos: rto: 9504 Lot: /2004 Suc: 96 Art: 40 Mov: 0
       Programa:  v_items_factura.adm_post_create()
         Usuario: y_lmunoz


--------------
          Fecha:  11/05/04 13:10:37
        Mensaje:  Imposible de Encontrar lote_cascara.
           Datos: rto: 9504 Lot: /2004 Suc: 96 Art: 40 Mov: 0
       Programa:  v_items_factura.adm_post_create()
         Usuario: y_lmunoz


--------------
          Fecha:  11/05/04 13:10:46
        Mensaje:  Imposible de Encontrar lote_cascara.
           Datos: rto: 9504 Lot: /2004 Suc: 96 Art: 22 Mov: 0
       Programa:  v_items_factura.adm_post_create()
         Usuario: y_lmunoz


--------------
          Fecha:  11/05/04 13:10:50
        Mensaje:  Imposible de Encontrar lote_cascara.
           Datos: rto: 9504 Lot: /2004 Suc: 96 Art: 22 Mov: 0
       Programa:  v_items_factura.adm_post_create()
         Usuario: y_lmunoz


--------------
          Fecha:  11/05/04 13:11:48
        Mensaje:  Imposible de Encontrar lote_cascara.
           Datos: rto: 9504 Lot: /2004 Suc: 96 Art: 22 Mov: 0
       Programa:  v_items_factura.adm_post_create()
         Usuario: y_lmunoz


--------------
          Fecha:  11/05/04 13:11:54
        Mensaje:  Imposible de Encontrar lote_cascara.
           Datos: rto: 9504 Lot: /2004 Suc: 96 Art: 22 Mov: 0
       Programa:  v_items_factura.adm_post_create()
         Usuario: y_lmunoz


--------------
          Fecha:  11/05/04 13:12:54
        Mensaje:  Imposible de Encontrar lote_cascara.
           Datos: rto: 9504 Lot: /2004 Suc: 96 Art: 22 Mov: 0
       Programa:  v_items_factura.adm_post_create()
         Usuario: y_lmunoz


--------------
          Fecha:  11/05/04 13:13:46
        Mensaje:  Imposible de Encontrar lote_cascara.
           Datos: rto: 9504 Lot: /2004 Suc: 96 Art: 22 Mov: 0
       Programa:  v_items_factura.adm_post_create()
         Usuario: y_lmunoz


--------------
          Fecha:  11/05/04 13:14:07
        Mensaje:  Imposible de Encontrar lote_cascara.
           Datos: rto: 9504 Lot: /2004 Suc: 96 Art: 22 Mov: 0
       Programa:  v_items_factura.adm_post_create()
         Usuario: y_lmunoz


--------------
          Fecha:  11/05/04 13:14:58
        Mensaje:  Imposible de Encontrar lote_cascara.
           Datos: rto: 9504 Lot: /2004 Suc: 96 Art: 22 Mov: 0
       Programa:  v_items_factura.adm_post_create()
         Usuario: y_lmunoz


--------------
          Fecha:  11/05/04 13:15:50
        Mensaje:  Imposible de Encontrar lote_cascara.
           Datos: rto: 9504 Lot: /2004 Suc: 96 Art: 22 Mov: 0
       Programa:  v_items_factura.adm_post_create()
         Usuario: y_lmunoz


--------------
          Fecha:  11/05/04 13:16:30
        Mensaje:  Imposible de Encontrar lote_cascara.
           Datos: rto: 9504 Lot: 0/2004 Suc: 96 Art: 22 Mov: 0
       Programa:  v_items_factura.adm_post_create()
         Usuario: y_lmunoz


--------------
          Fecha:  11/05/04 13:16:37
        Mensaje:  Imposible de Encontrar lote_cascara.
           Datos: rto: 9504 Lot: 0/2004 Suc: 96 Art: 22 Mov: 0
       Programa:  v_items_factura.adm_post_create()
         Usuario: y_lmunoz


--------------
          Fecha:  11/05/04 13:16:42
        Mensaje:  Imposible de Encontrar lote_cascara.
           Datos: rto: 9504 Lot: 0/2004 Suc: 96 Art: 22 Mov: 0
       Programa:  v_items_factura.adm_post_create()
         Usuario: y_lmunoz


--------------
          Fecha:  11/05/04 13:17:23
        Mensaje:  Imposible de Encontrar lote_cascara.
           Datos: rto: 9504 Lot: 0/2004 Suc: 96 Art: 22 Mov: 0
       Programa:  v_items_factura.adm_post_create()
         Usuario: y_lmunoz


--------------
          Fecha:  11/05/04 13:17:42
        Mensaje:  Imposible de Encontrar lote_cascara.
           Datos: rto: 9504 Lot: 0/2004 Suc: 96 Art: 22 Mov: 0
       Programa:  v_items_factura.adm_post_create()
         Usuario: y_lmunoz


--------------
          Fecha:  11/05/04 13:30:39
        Mensaje:  Imposible de Encontrar lote_cascara.
           Datos: rto: 9504 Lot: /2004 Suc: 96 Art: 40 Mov: 0
       Programa:  v_items_factura.adm_post_create()
         Usuario: y_lmunoz


--------------
          Fecha:  25/05/04 09:16:48
        Mensaje:  Imposible de Encontrar lote_cascara.
           Datos: rto: 9576 Lot: 193/2003 Suc: 96 Art: 54 Mov: 0
       Programa:  v_items_factura.adm_post_create()
         Usuario: y_lmunoz


--------------
          Fecha:  25/05/04 09:17:13
        Mensaje:  Imposible de Encontrar lote_cascara.
           Datos: rto: 9576 Lot: 193/2003 Suc: 96 Art: 54 Mov: 0
       Programa:  v_items_factura.adm_post_create()
         Usuario: y_lmunoz


--------------
          Fecha:  25/05/04 09:17:30
        Mensaje:  Imposible de Encontrar lote_cascara.
           Datos: rto: 9576 Lot: 193/2003 Suc: 96 Art: 54 Mov: 0
       Programa:  v_items_factura.adm_post_create()
         Usuario: y_lmunoz


--------------
          Fecha:  25/05/04 09:17:33
        Mensaje:  Imposible de Encontrar lote_cascara.
           Datos: rto: 9576 Lot: 193/2003 Suc: 96 Art: 54 Mov: 0
       Programa:  v_items_factura.adm_post_create()
         Usuario: y_lmunoz


--------------
          Fecha:  25/05/04 09:19:02
        Mensaje:  Imposible de Encontrar lote_cascara.
           Datos: rto: 9576 Lot: 193/2003 Suc: 96 Art: 54 Mov: 0
       Programa:  v_items_factura.adm_post_create()
         Usuario: y_lmunoz


--------------
          Fecha:  25/05/04 09:19:04
        Mensaje:  Imposible de Encontrar lote_cascara.
           Datos: rto: 9576 Lot: 193/2003 Suc: 96 Art: 54 Mov: 0
       Programa:  v_items_factura.adm_post_create()
         Usuario: y_lmunoz


--------------
          Fecha:  25/05/04 09:35:26
        Mensaje:  Imposible de Encontrar lote_cascara.
           Datos: rto: 9576 Lot: 193/2003 Suc: 96 Art: 54 Mov: 0
       Programa:  v_items_factura.adm_post_create()
         Usuario: y_lmunoz


--------------
          Fecha:  25/05/04 09:36:27
        Mensaje:  Imposible de Encontrar lote_cascara.
           Datos: rto: 9576 Lot: 193/2003 Suc: 96 Art: 54 Mov: 0
       Programa:  v_items_factura.adm_post_create()
         Usuario: y_lmunoz


--------------
          Fecha:  25/05/04 09:37:20
        Mensaje:  Imposible de Encontrar lote_cascara.
           Datos: rto: 9576 Lot: 193/2003 Suc: 96 Art: 54 Mov: 0
       Programa:  v_items_factura.adm_post_create()
         Usuario: y_lmunoz


--------------
          Fecha:  25/05/04 09:38:13
        Mensaje:  Imposible de Encontrar lote_cascara.
           Datos: rto: 9576 Lot: 193/2003 Suc: 96 Art: 54 Mov: 0
       Programa:  v_items_factura.adm_post_create()
         Usuario: y_lmunoz


--------------
          Fecha:  27/05/04 13:49:00
        Mensaje:  Imposible de Encontrar lote_cascara.
           Datos: rto: 1242 Lot: 3/2004 Suc: 95 Art: 54 Mov: 0
       Programa:  v_items_factura.adm_post_create()
         Usuario: y_cmauricio


--------------
          Fecha:  27/05/04 13:49:18
        Mensaje:  Imposible de Encontrar lote_cascara.
           Datos: rto: 1242 Lot: 3/2004 Suc: 95 Art: 54 Mov: 0
       Programa:  v_items_factura.adm_post_create()
         Usuario: y_cmauricio


--------------
          Fecha:  01/06/04 16:10:44
        Mensaje:  Imposible de Encontrar lote_cascara.
           Datos: rto: 10124 Lot: 0/0000 Suc: 95 Art: 54 Mov: 0
       Programa:  v_items_factura.adm_post_create()
         Usuario: y_cmauricio


--------------
          Fecha:  02/06/04 12:23:27
        Mensaje:  Imposible de Encontrar lote_cascara.
           Datos: rto: 10128 Lot: 4/2004 Suc: 95 Art: 54 Mov: 0
       Programa:  v_items_factura.adm_post_create()
         Usuario: y_cmauricio


--------------
          Fecha:  02/06/04 12:23:51
        Mensaje:  Imposible de Encontrar lote_cascara.
           Datos: rto: 10128 Lot: 4/2004 Suc: 95 Art: 54 Mov: 0
       Programa:  v_items_factura.adm_post_create()
         Usuario: y_cmauricio


--------------
          Fecha:  02/06/04 12:24:48
        Mensaje:  Imposible de Encontrar lote_cascara.
           Datos: rto: 10128 Lot: 4/2004 Suc: 95 Art: 54 Mov: 0
       Programa:  v_items_factura.adm_post_create()
         Usuario: y_cmauricio


--------------
          Fecha:  02/06/04 12:27:04
        Mensaje:  Imposible de Encontrar lote_cascara.
           Datos: rto: 10128 Lot: 4/2004 Suc: 95 Art: 54 Mov: 0
       Programa:  v_items_factura.adm_post_create()
         Usuario: y_cmauricio


--------------
          Fecha:  02/06/04 12:28:15
        Mensaje:  Imposible de Encontrar lote_cascara.
           Datos: rto: 10128 Lot: 4/2004 Suc: 95 Art: 54 Mov: 0
       Programa:  v_items_factura.adm_post_create()
         Usuario: y_cmauricio


--------------
          Fecha:  02/06/04 12:29:31
        Mensaje:  Imposible de Encontrar lote_cascara.
           Datos: rto: 10128 Lot: 4/2004 Suc: 95 Art: 54 Mov: 0
       Programa:  v_items_factura.adm_post_create()
         Usuario: y_cmauricio


--------------
          Fecha:  02/06/04 12:30:23
        Mensaje:  Imposible de Encontrar lote_cascara.
           Datos: rto: 10128 Lot: 4/2004 Suc: 95 Art: 54 Mov: 0
       Programa:  v_items_factura.adm_post_create()
         Usuario: y_cmauricio


--------------
          Fecha:  02/06/04 12:35:21
        Mensaje:  Imposible de Encontrar lote_cascara.
           Datos: rto: 10129 Lot: 4/2004 Suc: 95 Art: 54 Mov: 0
       Programa:  v_items_factura.adm_post_create()
         Usuario: y_rvelez


--------------
          Fecha:  02/06/04 12:39:15
        Mensaje:  Imposible de Encontrar lote_cascara.
           Datos: rto: 9605 Lot: 11/2004 Suc: 96 Art: 54 Mov: 0
       Programa:  v_items_factura.adm_post_create()
         Usuario: y_lmunoz


--------------
          Fecha:  02/06/04 12:40:52
        Mensaje:  Imposible de Encontrar lote_cascara.
           Datos: rto: 9605 Lot: 11/2004 Suc: 96 Art: 54 Mov: 0
       Programa:  v_items_factura.adm_post_create()
         Usuario: y_lmunoz


--------------
          Fecha:  02/06/04 12:40:54
        Mensaje:  Imposible de Encontrar lote_cascara.
           Datos: rto: 9605 Lot: 11/2004 Suc: 96 Art: 54 Mov: 0
       Programa:  v_items_factura.adm_post_create()
         Usuario: y_lmunoz


--------------
          Fecha:  02/06/04 12:42:52
        Mensaje:  Imposible de Encontrar lote_cascara.
           Datos: rto: 9605 Lot: 11/2004 Suc: 96 Art: 54 Mov: 0
       Programa:  v_items_factura.adm_post_create()
         Usuario: y_lmunoz


--------------
          Fecha:  02/06/04 12:46:42
        Mensaje:  Imposible de Encontrar lote_cascara.
           Datos: rto: 9606 Lot: 11/2004 Suc: 96 Art: 54 Mov: 0
       Programa:  v_items_factura.adm_post_create()
         Usuario: y_lmunoz


--------------
          Fecha:  03/06/04 18:24:27
        Mensaje:  Imposible de Encontrar lote_cascara.
           Datos: rto: 10141 Lot: 0/0000 Suc: 95 Art: 54 Mov: 0
       Programa:  v_items_factura.adm_post_create()
         Usuario: y_cmauricio


--------------
          Fecha:  03/06/04 20:02:54
        Mensaje:  Imposible de Encontrar lote_cascara.
           Datos: rto: 1262 Lot: 4/2004 Suc: 95 Art: 54 Mov: 0
       Programa:  v_items_factura.adm_post_create()
         Usuario: y_cmauricio


--------------
          Fecha:  05/06/04 11:33:39
        Mensaje:  Imposible de Encontrar lote_cascara.
           Datos: rto: 1265 Lot: 4/2004 Suc: 95 Art: 54 Mov: 0
       Programa:  v_items_factura.adm_post_create()
         Usuario: y_rvelez


--------------
          Fecha:  08/06/04 12:01:37
        Mensaje:  Imposible de Encontrar lote_cascara.
           Datos: rto: 10159 Lot: 5/2004 Suc: 95 Art: 54 Mov: 0
       Programa:  v_items_factura.adm_post_create()
         Usuario: y_cmauricio


--------------
          Fecha:  08/06/04 12:02:00
        Mensaje:  Imposible de Encontrar lote_cascara.
           Datos: rto: 10159 Lot: 5/2004 Suc: 95 Art: 54 Mov: 0
       Programa:  v_items_factura.adm_post_create()
         Usuario: y_cmauricio


--------------
          Fecha:  08/06/04 12:02:04
        Mensaje:  Imposible de Encontrar lote_cascara.
           Datos: rto: 10159 Lot: 5/2004 Suc: 95 Art: 54 Mov: 0
       Programa:  v_items_factura.adm_post_create()
         Usuario: y_cmauricio


--------------
          Fecha:  08/06/04 12:16:04
        Mensaje:  Imposible de Encontrar lote_cascara.
           Datos: rto: 1266 Lot: 5/2004 Suc: 95 Art: 54 Mov: 0
       Programa:  v_items_factura.adm_post_create()
         Usuario: y_cmauricio


--------------
          Fecha:  09/06/04 16:23:22
        Mensaje:  Imposible de Encontrar lote_cascara.
           Datos: rto: 9646 Lot: 195/2003 Suc: 96 Art: 54 Mov: 0
       Programa:  v_items_factura.adm_post_create()
         Usuario: y_lmunoz


--------------
          Fecha:  11/06/04 17:14:17
        Mensaje:  Imposible de Encontrar lote_cascara.
           Datos: rto: 10184 Lot: 7/2004 Suc: 95 Art: 54 Mov: 0
       Programa:  v_items_factura.adm_post_create()
         Usuario: y_cmauricio


--------------
          Fecha:  11/06/04 17:14:48
        Mensaje:  Imposible de Encontrar lote_cascara.
           Datos: rto: 10184 Lot: 7/2004 Suc: 95 Art: 54 Mov: 0
       Programa:  v_items_factura.adm_post_create()
         Usuario: y_cmauricio


--------------
          Fecha:  16/06/04 12:08:45
        Mensaje:  Imposible de Encontrar lote_cascara.
           Datos: rto: 10202 Lot: 15/2004 Suc: 95 Art: 54 Mov: 0
       Programa:  v_items_factura.adm_post_create()
         Usuario: y_cmauricio


--------------
          Fecha:  16/06/04 12:09:20
        Mensaje:  Imposible de Encontrar lote_cascara.
           Datos: rto: 10202 Lot: 15/2004 Suc: 95 Art: 54 Mov: 0
       Programa:  v_items_factura.adm_post_create()
         Usuario: y_cmauricio


--------------
          Fecha:  16/06/04 12:09:26
        Mensaje:  Imposible de Encontrar lote_cascara.
           Datos: rto: 10202 Lot: 15/2004 Suc: 95 Art: 54 Mov: 0
       Programa:  v_items_factura.adm_post_create()
         Usuario: y_cmauricio


--------------
          Fecha:  16/06/04 12:10:05
        Mensaje:  Imposible de Encontrar lote_cascara.
           Datos: rto: 10202 Lot: 15/2004 Suc: 95 Art: 54 Mov: 0
       Programa:  v_items_factura.adm_post_create()
         Usuario: y_cmauricio


--------------
          Fecha:  16/06/04 12:11:30
        Mensaje:  Imposible de Encontrar lote_cascara.
           Datos: rto: 10202 Lot: 15/2004 Suc: 95 Art: 54 Mov: 0
       Programa:  v_items_factura.adm_post_create()
         Usuario: y_cmauricio


--------------
          Fecha:  16/06/04 12:24:51
        Mensaje:  Imposible de Encontrar lote_cascara.
           Datos: rto: 10203 Lot: 14/2004 Suc: 95 Art: 54 Mov: 0
       Programa:  v_items_factura.adm_post_create()
         Usuario: y_cmauricio


--------------
          Fecha:  16/06/04 12:24:56
        Mensaje:  Imposible de Encontrar lote_cascara.
           Datos: rto: 10203 Lot: 14/2004 Suc: 95 Art: 54 Mov: 0
       Programa:  v_items_factura.adm_post_create()
         Usuario: y_cmauricio


--------------
          Fecha:  16/06/04 12:25:47
        Mensaje:  Imposible de Encontrar lote_cascara.
           Datos: rto: 10203 Lot: 14/2004 Suc: 95 Art: 54 Mov: 0
       Programa:  v_items_factura.adm_post_create()
         Usuario: y_cmauricio


--------------
          Fecha:  16/06/04 12:26:25
        Mensaje:  Imposible de Encontrar lote_cascara.
           Datos: rto: 10203 Lot: 14/2004 Suc: 95 Art: 54 Mov: 0
       Programa:  v_items_factura.adm_post_create()
         Usuario: y_cmauricio


--------------
          Fecha:  16/06/04 12:27:11
        Mensaje:  Imposible de Encontrar lote_cascara.
           Datos: rto: 10203 Lot: 14/2004 Suc: 95 Art: 54 Mov: 0
       Programa:  v_items_factura.adm_post_create()
         Usuario: y_cmauricio


--------------
          Fecha:  16/06/04 12:29:58
        Mensaje:  Imposible de Encontrar lote_cascara.
           Datos: rto: 10204 Lot: 14/2004 Suc: 95 Art: 54 Mov: 0
       Programa:  v_items_factura.adm_post_create()
         Usuario: y_cmauricio


--------------
          Fecha:  16/06/04 12:30:59
        Mensaje:  Imposible de Encontrar lote_cascara.
           Datos: rto: 10204 Lot: 14/2004 Suc: 95 Art: 54 Mov: 0
       Programa:  v_items_factura.adm_post_create()
         Usuario: y_cmauricio


--------------
          Fecha:  16/06/04 12:31:06
        Mensaje:  Imposible de Encontrar lote_cascara.
           Datos: rto: 10204 Lot: 14/2004 Suc: 95 Art: 54 Mov: 0
       Programa:  v_items_factura.adm_post_create()
         Usuario: y_cmauricio


--------------
          Fecha:  16/06/04 12:34:56
        Mensaje:  Imposible de Encontrar lote_cascara.
           Datos: rto: 10205 Lot: 14/2004 Suc: 95 Art: 54 Mov: 0
       Programa:  v_items_factura.adm_post_create()
         Usuario: y_cmauricio


--------------
          Fecha:  19/06/04 13:54:48
        Mensaje:  Imposible de Encontrar lote_cascara.
           Datos: rto: 9703 Lot: 196/2003 Suc: 96 Art: 54 Mov: 0
       Programa:  v_items_factura.adm_post_create()
         Usuario: y_lmunoz


--------------
          Fecha:  23/06/04 16:38:57
        Mensaje:  Imposible de Encontrar lote_cascara.
           Datos: rto: 10251 Lot: 19/2004 Suc: 95 Art: 54 Mov: 0
       Programa:  v_items_factura.adm_post_create()
         Usuario: y_cmauricio


--------------
          Fecha:  23/06/04 16:39:14
        Mensaje:  Imposible de Encontrar lote_cascara.
           Datos: rto: 10251 Lot: 19/2004 Suc: 95 Art: 54 Mov: 0
       Programa:  v_items_factura.adm_post_create()
         Usuario: y_cmauricio


--------------
          Fecha:  28/06/04 15:56:53
        Mensaje:  Imposible de Encontrar lote_cascara.
           Datos: rto: 10278 Lot: 0/0000 Suc: 95 Art: 54 Mov: 0
       Programa:  v_items_factura.adm_post_create()
         Usuario: y_cmauricio


--------------
          Fecha:  29/06/04 09:38:57
        Mensaje:  Imposible de Encontrar lote_cascara.
           Datos: rto: 10284 Lot: 20/2004 Suc: 95 Art: 54 Mov: 0
       Programa:  v_items_factura.adm_post_create()
         Usuario: y_cmauricio


--------------
          Fecha:  29/06/04 09:39:22
        Mensaje:  Imposible de Encontrar lote_cascara.
           Datos: rto: 10284 Lot: 20/2004 Suc: 95 Art: 54 Mov: 0
       Programa:  v_items_factura.adm_post_create()
         Usuario: y_cmauricio


--------------
          Fecha:  29/06/04 09:39:59
        Mensaje:  Imposible de Encontrar lote_cascara.
           Datos: rto: 10284 Lot: 20/2004 Suc: 95 Art: 54 Mov: 0
       Programa:  v_items_factura.adm_post_create()
         Usuario: y_cmauricio


--------------
          Fecha:  29/06/04 09:40:38
        Mensaje:  Imposible de Encontrar lote_cascara.
           Datos: rto: 10284 Lot: 20/2004 Suc: 95 Art: 54 Mov: 0
       Programa:  v_items_factura.adm_post_create()
         Usuario: y_cmauricio


--------------
          Fecha:  29/06/04 09:41:49
        Mensaje:  Imposible de Encontrar lote_cascara.
           Datos: rto: 10284 Lot: 20/2004 Suc: 95 Art: 54 Mov: 0
       Programa:  v_items_factura.adm_post_create()
         Usuario: y_cmauricio


--------------
          Fecha:  29/06/04 17:53:16
        Mensaje:  Imposible de Encontrar lote_cascara.
           Datos: rto: 10294 Lot: 21/2004 Suc: 95 Art: 54 Mov: 0
       Programa:  v_items_factura.adm_post_create()
         Usuario: y_cmauricio


--------------
          Fecha:  03/07/04 11:46:28
        Mensaje:  Imposible de Encontrar lote_cascara.
           Datos: rto: 1280 Lot: 22/2004 Suc: 95 Art: 54 Mov: 0
       Programa:  v_items_factura.adm_post_create()
         Usuario: y_cmauricio


--------------
          Fecha:  03/07/04 11:47:03
        Mensaje:  Imposible de Encontrar lote_cascara.
           Datos: rto: 1280 Lot: 22/2004 Suc: 95 Art: 54 Mov: 0
       Programa:  v_items_factura.adm_post_create()
         Usuario: y_cmauricio


--------------
          Fecha:  05/07/04 08:02:38
        Mensaje:  Imposible de Encontrar lote_cascara.
           Datos: rto: 10340 Lot: 0/0000 Suc: 95 Art: 14 Mov: 0
       Programa:  v_items_factura.adm_post_create()
         Usuario: y_cmauricio


--------------
          Fecha:  05/07/04 08:02:47
        Mensaje:  Imposible de Encontrar lote_cascara.
           Datos: rto: 10340 Lot: 0/0000 Suc: 95 Art: 14 Mov: 0
       Programa:  v_items_factura.adm_post_create()
         Usuario: y_cmauricio


--------------
          Fecha:  05/07/04 09:51:46
        Mensaje:  Imposible de Encontrar lote_cascara.
           Datos: rto: 10344 Lot: 0/0000 Suc: 95 Art: 54 Mov: 0
       Programa:  v_items_factura.adm_post_create()
         Usuario: y_cmauricio


--------------
          Fecha:  07/07/04 11:28:56
        Mensaje:  Imposible de Encontrar lote_cascara.
           Datos: rto: 10366 Lot: 27/2004 Suc: 95 Art: 54 Mov: 0
       Programa:  v_items_factura.adm_post_create()
         Usuario: y_cmauricio


--------------
          Fecha:  07/07/04 13:26:40
        Mensaje:  Imposible de Encontrar lote_cascara.
           Datos: rto: 10367 Lot: 27/2004 Suc: 95 Art: 54 Mov: 0
       Programa:  v_items_factura.adm_post_create()
         Usuario: y_cmauricio


--------------
          Fecha:  07/07/04 14:02:09
        Mensaje:  Imposible de Encontrar lote_cascara.
           Datos: rto: 10368 Lot: 27/2004 Suc: 95 Art: 54 Mov: 0
       Programa:  v_items_factura.adm_post_create()
         Usuario: y_cmauricio


--------------
          Fecha:  13/07/04 18:40:16
        Mensaje:  Imposible de Encontrar lote_cascara.
           Datos: rto: 10401 Lot: 28/2004 Suc: 95 Art: 54 Mov: 0
       Programa:  v_items_factura.adm_post_create()
         Usuario: y_rvelez


--------------
          Fecha:  13/07/04 18:40:51
        Mensaje:  Imposible de Encontrar lote_cascara.
           Datos: rto: 10401 Lot: 28/2004 Suc: 95 Art: 54 Mov: 0
       Programa:  v_items_factura.adm_post_create()
         Usuario: y_rvelez


--------------
          Fecha:  13/07/04 18:40:56
        Mensaje:  Imposible de Encontrar lote_cascara.
           Datos: rto: 10401 Lot: 28/2004 Suc: 95 Art: 54 Mov: 0
       Programa:  v_items_factura.adm_post_create()
         Usuario: y_rvelez


--------------
          Fecha:  13/07/04 18:41:13
        Mensaje:  Imposible de Encontrar lote_cascara.
           Datos: rto: 10401 Lot: 28/2004 Suc: 95 Art: 54 Mov: 0
       Programa:  v_items_factura.adm_post_create()
         Usuario: y_rvelez


--------------
          Fecha:  13/07/04 18:41:46
        Mensaje:  Imposible de Encontrar lote_cascara.
           Datos: rto: 10401 Lot: 28/2004 Suc: 95 Art: 54 Mov: 0
       Programa:  v_items_factura.adm_post_create()
         Usuario: y_rvelez


--------------
          Fecha:  13/07/04 18:42:07
        Mensaje:  Imposible de Encontrar lote_cascara.
           Datos: rto: 10401 Lot: 28/2004 Suc: 95 Art: 54 Mov: 0
       Programa:  v_items_factura.adm_post_create()
         Usuario: y_rvelez


--------------
          Fecha:  13/07/04 18:43:00
        Mensaje:  Imposible de Encontrar lote_cascara.
           Datos: rto: 10401 Lot: 28/2004 Suc: 95 Art: 54 Mov: 0
       Programa:  v_items_factura.adm_post_create()
         Usuario: y_rvelez


--------------
          Fecha:  26/07/04 10:35:29
        Mensaje:  Imposible de Encontrar lote_cascara.
           Datos: rto: 9850 Lot: 21/2004 Suc: 96 Art: 54 Mov: 0
       Programa:  v_items_factura.adm_post_create()
         Usuario: y_lmunoz


--------------
          Fecha:  26/07/04 10:35:40
        Mensaje:  Imposible de Encontrar lote_cascara.
           Datos: rto: 9850 Lot: 21/2004 Suc: 96 Art: 54 Mov: 0
       Programa:  v_items_factura.adm_post_create()
         Usuario: y_lmunoz


--------------
          Fecha:  03/08/04 10:59:54
        Mensaje:  Imposible de Encontrar lote_cascara.
           Datos: rto: 10554 Lot: 36/2004 Suc: 95 Art: 54 Mov: 0
       Programa:  v_items_factura.adm_post_create()
         Usuario: y_cmauricio


--------------
          Fecha:  03/08/04 12:19:13
        Mensaje:  Imposible de Encontrar lote_cascara.
           Datos: rto: 9899 Lot: 24/2004 Suc: 96 Art: 54 Mov: 0
       Programa:  v_items_factura.adm_post_create()
         Usuario: y_lmunoz


--------------
          Fecha:  04/08/04 10:58:16
        Mensaje:  Imposible de Encontrar lote_cascara.
           Datos: rto: 10562 Lot: 26/2004 Suc: 95 Art: 54 Mov: 0
       Programa:  v_items_factura.adm_post_create()
         Usuario: y_cmauricio


--------------
          Fecha:  26/08/04 07:23:41
        Mensaje:  Imposible de Encontrar lote_cascara.
           Datos: rto: 10695 Lot: 45/2004 Suc: 95 Art: 54 Mov: 0
       Programa:  v_items_factura.adm_post_create()
         Usuario: y_cmauricio


--------------
          Fecha:  26/08/04 07:25:07
        Mensaje:  Imposible de Encontrar lote_cascara.
           Datos: rto: 10695 Lot: 45/2004 Suc: 95 Art: 54 Mov: 0
       Programa:  v_items_factura.adm_post_create()
         Usuario: y_cmauricio


--------------
          Fecha:  31/08/04 06:18:26
        Mensaje:  Imposible de Encontrar lote_cascara.
           Datos: rto: 1331 Lot: 45/2004 Suc: 95 Art: 54 Mov: 0
       Programa:  v_items_factura.adm_post_create()
         Usuario: y_cmauricio


--------------
          Fecha:  03/09/04 10:58:25
        Mensaje:  Imposible de Encontrar lote_cascara.
           Datos: rto: 1342 Lot: 46/2004 Suc: 95 Art: 54 Mov: 0
       Programa:  v_items_factura.adm_post_create()
         Usuario: y_cmauricio


--------------
          Fecha:  03/09/04 15:21:36
        Mensaje:  Imposible de Encontrar lote_cascara.
           Datos: rto: 10737 Lot: 47/2004 Suc: 95 Art: 54 Mov: 0
       Programa:  v_items_factura.adm_post_create()
         Usuario: y_cmauricio


--------------
          Fecha:  03/09/04 15:22:10
        Mensaje:  Imposible de Encontrar lote_cascara.
           Datos: rto: 10737 Lot: 47/2004 Suc: 95 Art: 54 Mov: 0
       Programa:  v_items_factura.adm_post_create()
         Usuario: y_cmauricio


--------------
          Fecha:  03/09/04 15:22:44
        Mensaje:  Imposible de Encontrar lote_cascara.
           Datos: rto: 10737 Lot: 47/2004 Suc: 95 Art: 54 Mov: 0
       Programa:  v_items_factura.adm_post_create()
         Usuario: y_cmauricio


--------------
          Fecha:  03/09/04 15:23:48
        Mensaje:  Imposible de Encontrar lote_cascara.
           Datos: ?
       Programa:  v_items_factura.adm_post_create()
         Usuario: y_cmauricio


--------------
          Fecha:  08/09/04 10:01:52
        Mensaje:  Imposible de Encontrar lote_cascara.
           Datos: rto: 1345 Lot: 46/2004 Suc: 95 Art: 54 Mov: 0
       Programa:  v_items_factura.adm_post_create()
         Usuario: y_cmauricio


--------------
          Fecha:  15/09/04 15:25:29
        Mensaje:  Imposible de Encontrar lote_cascara.
           Datos: rto: 1358 Lot: 49/2004 Suc: 95 Art: 54 Mov: 0
       Programa:  v_items_factura.adm_post_create()
         Usuario: y_cmauricio


--------------
          Fecha:  15/09/04 15:25:39
        Mensaje:  Imposible de Encontrar lote_cascara.
           Datos: rto: 1358 Lot: 49/2004 Suc: 95 Art: 54 Mov: 0
       Programa:  v_items_factura.adm_post_create()
         Usuario: y_cmauricio


--------------
          Fecha:  15/09/04 15:26:11
        Mensaje:  Imposible de Encontrar lote_cascara.
           Datos: rto: 1358 Lot: 49/2004 Suc: 95 Art: 54 Mov: 0
       Programa:  v_items_factura.adm_post_create()
         Usuario: y_cmauricio


--------------
          Fecha:  15/09/04 19:45:03
        Mensaje:  Imposible de Encontrar lote_cascara.
           Datos: rto: 1359 Lot: 49/2004 Suc: 95 Art: 54 Mov: 0
       Programa:  v_items_factura.adm_post_create()
         Usuario: y_cmauricio


--------------
          Fecha:  15/09/04 19:47:04
        Mensaje:  Imposible de Encontrar lote_cascara.
           Datos: rto: 1359 Lot: 49/2004 Suc: 95 Art: 54 Mov: 0
       Programa:  v_items_factura.adm_post_create()
         Usuario: y_cmauricio


--------------
          Fecha:  17/09/04 15:30:46
        Mensaje:  Imposible de Encontrar lote_cascara.
           Datos: rto: 10796 Lot: 51/2004 Suc: 95 Art: 54 Mov: 0
       Programa:  v_items_factura.adm_post_create()
         Usuario: y_cmauricio


--------------
          Fecha:  17/09/04 15:30:53
        Mensaje:  Imposible de Encontrar lote_cascara.
           Datos: rto: 10796 Lot: 51/2004 Suc: 95 Art: 54 Mov: 0
       Programa:  v_items_factura.adm_post_create()
         Usuario: y_cmauricio


--------------
          Fecha:  30/09/04 15:25:05
        Mensaje:  Imposible de Encontrar lote_cascara.
           Datos: rto: 10897 Lot: 53/2004 Suc: 95 Art: 54 Mov: 0
       Programa:  v_items_factura.adm_post_create()
         Usuario: y_cmauricio


--------------
          Fecha:  30/09/04 15:25:14
        Mensaje:  Imposible de Encontrar lote_cascara.
           Datos: rto: 10897 Lot: 53/2004 Suc: 95 Art: 54 Mov: 0
       Programa:  v_items_factura.adm_post_create()
         Usuario: y_cmauricio


--------------
          Fecha:  30/09/04 15:25:26
        Mensaje:  Imposible de Encontrar lote_cascara.
           Datos: rto: 10897 Lot: 53/2004 Suc: 95 Art: 54 Mov: 0
       Programa:  v_items_factura.adm_post_create()
         Usuario: y_cmauricio


--------------
          Fecha:  27/12/04 17:25:39
        Mensaje:  Imposible de Encontrar lote_cascara.
           Datos: rto: 2490 Lot: 28/2004 Suc: 92 Art: 54 Mov: 0
       Programa:  v_items_factura.adm_post_create()
         Usuario: y_lmunoz


--------------
          Fecha:  27/12/04 17:25:41
        Mensaje:  Imposible de Encontrar lote_cascara.
           Datos: rto: 2490 Lot: 28/2004 Suc: 92 Art: 54 Mov: 0
       Programa:  v_items_factura.adm_post_create()
         Usuario: y_lmunoz


--------------
          Fecha:  27/12/04 17:25:44
        Mensaje:  Imposible de Encontrar lote_cascara.
           Datos: rto: 2490 Lot: 28/2004 Suc: 92 Art: 54 Mov: 0
       Programa:  v_items_factura.adm_post_create()
         Usuario: y_lmunoz


--------------
          Fecha:  27/12/04 17:26:58
        Mensaje:  Imposible de Encontrar lote_cascara.
           Datos: rto: 2490 Lot: 28/2004 Suc: 92 Art: 54 Mov: 0
       Programa:  v_items_factura.adm_post_create()
         Usuario: y_lmunoz


--------------
          Fecha:  27/12/04 17:27:51
        Mensaje:  Imposible de Encontrar lote_cascara.
           Datos: rto: 2490 Lot: 28/2004 Suc: 92 Art: 54 Mov: 0
       Programa:  v_items_factura.adm_post_create()
         Usuario: y_lmunoz


--------------
          Fecha:  27/12/04 17:27:55
        Mensaje:  Imposible de Encontrar lote_cascara.
           Datos: rto: 2490 Lot: 28/2004 Suc: 92 Art: 54 Mov: 0
       Programa:  v_items_factura.adm_post_create()
         Usuario: y_lmunoz


--------------
          Fecha:  27/12/04 17:28:00
        Mensaje:  Imposible de Encontrar lote_cascara.
           Datos: rto: 2490 Lot: 28/2004 Suc: 92 Art: 54 Mov: 0
       Programa:  v_items_factura.adm_post_create()
         Usuario: y_lmunoz


--------------
          Fecha:  27/12/04 17:28:27
        Mensaje:  Imposible de Encontrar lote_cascara.
           Datos: rto: 2490 Lot: 28/2004 Suc: 92 Art: 54 Mov: 0
       Programa:  v_items_factura.adm_post_create()
         Usuario: y_lmunoz


--------------
          Fecha:  29/12/04 08:21:41
        Mensaje:  Error al asignar carga a tambores
           Datos: carga nromov:53120 prod: 49934 tbor: 65
       Programa:  libTamboresIndustria.setCargaToTambor
         Usuario: y_marceloman


--------------
          Fecha:  31/12/04 08:53:02
        Mensaje:  Imposible de Encontrar lote_cascara.
           Datos: rto: 112 Lot: 0/0000 Suc: 50 Art: 54 Mov: 0
       Programa:  v_items_factura.adm_post_create()
         Usuario: y_lmunoz


--------------
          Fecha:  04/03/05 23:28:22
        Mensaje:  Imposible de Encontrar lote_cascara.
           Datos: rto: 11403 Lot: 0/0000 Suc: 95 Art: 54 Mov: 0
       Programa:  v_items_factura.adm_post_create()
         Usuario: y_cmauricio


--------------
          Fecha:  04/03/05 23:28:32
        Mensaje:  Imposible de Encontrar lote_cascara.
           Datos: rto: 11403 Lot: 0/0000 Suc: 95 Art: 54 Mov: 0
       Programa:  v_items_factura.adm_post_create()
         Usuario: y_cmauricio


--------------
          Fecha:  16/06/05 12:02:23
        Mensaje:  Imposible de Encontrar lote_cascara.
           Datos: rto: 11714 Lot: 206/2005 Suc: 95 Art: 54 Mov: 0
       Programa:  v_items_factura.adm_post_create()
         Usuario: y_alopezfam


--------------
          Fecha:  12/07/05 10:30:04
        Mensaje:  Imposible de Encontrar lote_cascara.
           Datos: rto: 10761 Lot: / Suc: 96 Art: 42 Mov: 0
       Programa:  v_items_factura.adm_post_create()
         Usuario: y_ebazan


--------------
          Fecha:  17/08/05 22:59:04
        Mensaje:  Imposible de Encontrar lote_cascara.
           Datos: rto: 12135 Lot: /2005 Suc: 95 Art: 54 Mov: 0
       Programa:  v_items_factura.adm_post_create()
         Usuario: y_alopezfam


--------------
          Fecha:  25/08/05 18:05:50
        Mensaje:  Imposible de Encontrar lote_cascara.
           Datos: rto: 10996 Lot: /2005 Suc: 96 Art: 55 Mov: 0
       Programa:  v_items_factura.adm_post_create()
         Usuario: y_ebazan


--------------
          Fecha:  25/08/05 18:05:55
        Mensaje:  Imposible de Encontrar lote_cascara.
           Datos: rto: 10996 Lot: /2005 Suc: 96 Art: 55 Mov: 0
       Programa:  v_items_factura.adm_post_create()
         Usuario: y_ebazan


--------------
          Fecha:  25/08/05 18:10:17
        Mensaje:  Imposible de Encontrar lote_cascara.
           Datos: rto: 10996 Lot: /2005 Suc: 96 Art: 55 Mov: 0
       Programa:  v_items_factura.adm_post_create()
         Usuario: y_ebazan


--------------
          Fecha:  04/10/05 18:06:34
        Mensaje:  Imposible de Encontrar lote_cascara.
           Datos: rto: 12677 Lot: /2005 Suc: 95 Art: 41 Mov: 0
       Programa:  v_items_factura.adm_post_create()
         Usuario: y_cmauricio


--------------
          Fecha:  04/10/05 18:07:07
        Mensaje:  Imposible de Encontrar lote_cascara.
           Datos: rto: 12677 Lot: /2005 Suc: 95 Art: 41 Mov: 0
       Programa:  v_items_factura.adm_post_create()
         Usuario: y_cmauricio


--------------
          Fecha:  14/11/05 14:21:54
        Mensaje:  Imposible de Encontrar lote_cascara.
           Datos: rto: 85 Lot: 0/0000 Suc: 159 Art: 54 Mov: 0
       Programa:  v_items_factura.adm_post_create()
         Usuario: y_ebazan


--------------
          Fecha:  24/04/06 12:21:47
        Mensaje:  Imposible de Encontrar lote_cascara.
           Datos: rto: 13930 Lot: 0/0000 Suc: 95 Art: 54 Mov: 0
       Programa:  v_items_factura.adm_post_create()
         Usuario: y_lmunoz


--------------
          Fecha:  17/05/06 22:33:05
        Mensaje:  Imposible de Encontrar lote_cascara.
           Datos: rto: 14176 Lot: /2006 Suc: 95 Art: 55 Mov: 0
       Programa:  v_items_factura.adm_post_create()
         Usuario: y_cmauricio


--------------
          Fecha:  17/05/06 22:33:15
        Mensaje:  Imposible de Encontrar lote_cascara.
           Datos: rto: 14176 Lot: /2006 Suc: 95 Art: 53 Mov: 0
       Programa:  v_items_factura.adm_post_create()
         Usuario: y_cmauricio


--------------
          Fecha:  17/05/06 22:33:22
        Mensaje:  Imposible de Encontrar lote_cascara.
           Datos: rto: 14176 Lot: /2006 Suc: 95 Art: 52 Mov: 0
       Programa:  v_items_factura.adm_post_create()
         Usuario: y_cmauricio


--------------
          Fecha:  22/06/06 23:56:10
        Mensaje:  Imposible de Encontrar lote_cascara.
           Datos: rto: 14741 Lot: /2006 Suc: 95 Art: 38 Mov: 0
       Programa:  v_items_factura.adm_post_create()
         Usuario: y_cmauricio


--------------
          Fecha:  22/06/06 23:56:18
        Mensaje:  Imposible de Encontrar lote_cascara.
           Datos: rto: 14741 Lot: /2006 Suc: 95 Art: 38 Mov: 0
       Programa:  v_items_factura.adm_post_create()
         Usuario: y_cmauricio


--------------
          Fecha:  01/07/06 09:06:41
        Mensaje:  Imposible de Encontrar lote_cascara.
           Datos: rto: 14852 Lot: / Suc: 95 Art: 54 Mov: 0
       Programa:  v_items_factura.adm_post_create()
         Usuario: y_alopezfam


--------------
          Fecha:  04/07/06 12:13:38
        Mensaje:  Imposible de Encontrar lote_cascara.
           Datos: rto: 14907 Lot: / Suc: 95 Art: 54 Mov: 0
       Programa:  v_items_factura.adm_post_create()
         Usuario: y_lmunoz


--------------
          Fecha:  07/07/06 12:56:06
        Mensaje:  Imposible de Encontrar lote_cascara.
           Datos: rto: 14982 Lot: 0/0000 Suc: 95 Art: 54 Mov: 0
       Programa:  v_items_factura.adm_post_create()
         Usuario: y_cmauricio


--------------
          Fecha:  16/08/06 01:55:53
        Mensaje:  Imposible de Encontrar lote_cascara.
           Datos: rto: 15541 Lot: /2006 Suc: 95 Art: 41 Mov: 0
       Programa:  v_items_factura.adm_post_create()
         Usuario: y_alopezfam


--------------
          Fecha:  23/08/06 01:55:50
        Mensaje:  Imposible de Encontrar lote_cascara.
           Datos: rto: 15658 Lot: /2006 Suc: 95 Art: 70 Mov: 0
       Programa:  v_items_factura.adm_post_create()
         Usuario: y_cmauricio


--------------
          Fecha:  07/09/06 03:21:22
        Mensaje:  Imposible de Encontrar lote_cascara.
           Datos: rto: 12178 Lot: /2006 Suc: 96 Art: 54 Mov: 0
       Programa:  v_items_factura.adm_post_create()
         Usuario: y_alopezfam


--------------
          Fecha:  07/09/06 03:21:47
        Mensaje:  Imposible de Encontrar lote_cascara.
           Datos: rto: 12178 Lot: 0/2006 Suc: 96 Art: 55 Mov: 0
       Programa:  v_items_factura.adm_post_create()
         Usuario: y_alopezfam


--------------
          Fecha:  07/09/06 03:22:10
        Mensaje:  Imposible de Encontrar lote_cascara.
           Datos: rto: 12178 Lot: 0/2006 Suc: 96 Art: 55 Mov: 0
       Programa:  v_items_factura.adm_post_create()
         Usuario: y_alopezfam


--------------
          Fecha:  07/09/06 03:24:21
        Mensaje:  Imposible de Encontrar lote_cascara.
           Datos: rto: 12178 Lot: /2006 Suc: 96 Art: 55 Mov: 0
       Programa:  v_items_factura.adm_post_create()
         Usuario: y_alopezfam


--------------
          Fecha:  07/09/06 03:32:39
        Mensaje:  Imposible de Encontrar lote_cascara.
           Datos: rto: 12178 Lot: /2006 Suc: 96 Art: 54 Mov: 0
       Programa:  v_items_factura.adm_post_create()
         Usuario: y_alopezfam


--------------
          Fecha:  19/09/06 22:02:35
        Mensaje:  Imposible de Encontrar lote_cascara.
           Datos: rto: 16235 Lot: /2006 Suc: 95 Art: 41 Mov: 0
       Programa:  v_items_factura.adm_post_create()
         Usuario: y_alopezfam


--------------
          Fecha:  29/09/06 12:19:49
        Mensaje:  Imposible de Encontrar lote_cascara.
           Datos: rto: 2053 Lot: 52/2006 Suc: 95 Art: 54 Mov: 0
       Programa:  v_items_factura.adm_post_create()
         Usuario: y_lmunoz


--------------
          Fecha:  29/09/06 19:04:58
        Mensaje:  Imposible de Encontrar lote_cascara.
           Datos: rto: 12055 Lot: 52/2006 Suc: 95 Art: 54 Mov: 0
       Programa:  v_items_factura.adm_post_create()
         Usuario: y_lmunoz


--------------
          Fecha:  21/10/06 20:54:03
        Mensaje:  Imposible de Encontrar lote_cascara.
           Datos: rto: 1191 Lot: 0/2006 Suc: 96 Art: 55 Mov: 0
       Programa:  v_items_factura.adm_post_create()
         Usuario: y_alopezfam


--------------
          Fecha:  25/10/06 14:49:09
        Mensaje:  Imposible de Encontrar lote_cascara.
           Datos: rto: 50 Lot: 0/2006 Suc: 96 Art: 55 Mov: 0
       Programa:  v_items_factura.adm_post_create()
         Usuario: y_alopezfam


--------------
          Fecha:  06/11/06 16:59:21
        Mensaje:  Imposible de Encontrar lote_cascara.
           Datos: rto: 2153 Lot: 0/2006 Suc: 95 Art: 54 Mov: 0
       Programa:  v_items_factura.adm_post_create()
         Usuario: y_lmunoz


--------------
          Fecha:  31/07/07 16:27:59
        Mensaje:  Imposible de Encontrar lote_cascara.
           Datos: rto: 2566 Lot: /2007 Suc: 95 Art: 54 Mov: 0
       Programa:  v_items_factura.adm_post_create()
         Usuario: y_lmunoz


--------------
          Fecha:  12/12/07 14:45:38
        Mensaje:  Imposible de Encontrar lote_cascara.
           Datos: rto: 19039 Lot: /2007 Suc: 95 Art: 54 Mov: 0
       Programa:  v_items_factura.adm_post_create()
         Usuario: y_alopezfam


--------------
          Fecha:  12/12/07 14:45:57
        Mensaje:  Imposible de Encontrar lote_cascara.
           Datos: rto: 19039 Lot: /2007 Suc: 95 Art: 54 Mov: 0
       Programa:  v_items_factura.adm_post_create()
         Usuario: y_alopezfam


--------------
          Fecha:  12/12/07 14:46:04
        Mensaje:  Imposible de Encontrar lote_cascara.
           Datos: rto: 19039 Lot: /2007 Suc: 95 Art: 54 Mov: 0
       Programa:  v_items_factura.adm_post_create()
         Usuario: y_alopezfam


--------------
          Fecha:  12/12/07 14:46:25
        Mensaje:  Imposible de Encontrar lote_cascara.
           Datos: rto: 19039 Lot: /2007 Suc: 95 Art: 54 Mov: 0
       Programa:  v_items_factura.adm_post_create()
         Usuario: y_alopezfam


--------------
          Fecha:  29/07/08 05:41:02
        Mensaje:  Imposible de Encontrar lote_cascara.
           Datos: rto: 3856 Lot: /2008 Suc: 95 Art: 41 Mov: 0
       Programa:  v_items_factura.adm_post_create()
         Usuario: y_alopezfam


--------------
          Fecha:  17/09/08 16:48:40
        Mensaje:  Imposible de Encontrar lote_cascara.
           Datos: rto: 19302 Lot: /2008 Suc: 95 Art: 54 Mov: 0
       Programa:  v_items_factura.adm_post_create()
         Usuario: y_alopezfam


--------------
          Fecha:  17/09/08 16:49:09
        Mensaje:  Imposible de Encontrar lote_cascara.
           Datos: rto: 19302 Lot: /2008 Suc: 95 Art: 54 Mov: 0
       Programa:  v_items_factura.adm_post_create()
         Usuario: y_alopezfam
