
**  ProxyGen, Progress Version 10.2B

** Checking for existence of .r files ...

** Processing non-persistent procedures ...

** Processing: C:\webservices\ordenproduccion.r ...
   -- Parsing r-code ...
       MAIN E:\citricola\packing\programas\webservices\ordenproduccion.p 
          INPUT SORDEN CHARACTER
          INPUT SDOCUMENTOVENTA CHARACTER
          INPUT SSOLICITANTE CHARACTER
          INPUT SNOMBRE CHARACTER
          INPUT SPOSICIONDOCUMENTOVENTA CHARACTER
          INPUT SMATERIAL CHARACTER
          INPUT SESPECIE CHARACTER
          INPUT SVARIEDAD CHARACTER
          INPUT SCANTIDAD CHARACTER
          INPUT SUNIDAD CHARACTER
          INPUT SCALIDAD CHARACTER
          INPUT SCATEGORIA CHARACTER
          INPUT STIPOPALLET CHARACTER
          INPUT STIPOESQUINERO CHARACTER
          INPUT SPUERTOLLEGADA CHARACTER
          INPUT SDESCRIPCIONPUERTOLELGADA CHARACTER
          INPUT SDESTINO CHARACTER
          INPUT SDESCRIPCIONDESTINO CHARACTER
          INPUT SFECHADOCUMENTO CHARACTER
          INPUT SVAPOR CHARACTER
          INPUT SDESCRIPCIONVAPOR CHARACTER
          INPUT SLUGARDESCARGA CHARACTER
          INPUT SPUERTOORIGEN CHARACTER
          INPUT SDESCRIPCIONPUERTOORIGEN CHARACTER
          INPUT SMERCADO CHARACTER
          INPUT SCONTRAMARCA CHARACTER
          INPUT SAGENCIA CHARACTER
          INPUT SDESCRIPCIONAGENCIA CHARACTER
          INPUT SFECHAREPARTO CHARACTER
          INPUT TTITEMS TABLE
       TABLE: TTITEMS
          TDOCVENTAS character
          TPOSICIONDOCVENTAS character
          TMATERIAL character
          TENVASE character
          TCALIBRESTD character
          TCALIBREEQU character
          TCANTIDAD character
          TUNIDAD character
          TORDER character
   -- Validating saved information against latest .r ...
      Customizations applied
      Customizations applied to: 30 matching parameters

** Processing persistent procedures ...

** Checking method and parameter names ...

** Generating Web Services files ...
   Creating wsm file ...
   Generation of wsm file complete ...
   Creating test wsdl file ...
   Generation of test wsdl file complete ...

** Generation complete
